
> carrot-market-next14@0.1.0 build
> next build

  ▲ Next.js 14.2.32
  - Environments: .env

   Creating an optimized production build ...
 ✓ Compiled successfully
   Skipping linting
   Checking validity of types ...
   Collecting page data ...
   Generating static pages (0/15) ...
   Generating static pages (3/15) 
   Generating static pages (7/15) 
hit!!!!!!
hit!!!!!!
   Generating static pages (11/15) 
 ✓ Generating static pages (15/15)
   Finalizing page optimization ...
   Collecting build traces ...

Route (app)                              Size     First Load JS
┌ ○ /                                    175 B            96 kB
├ ○ /_not-found                          873 B            88 kB
├ ○ /add                                 66.1 kB         153 kB
├ ○ /chat                                164 B          87.3 kB
├ ○ /create-account                      2.31 kB        98.1 kB
├ ƒ /github/complete                     0 B                0 B
├ ○ /github/start                        0 B                0 B
├ ○ /home                                1.34 kB         102 kB
├ ƒ /home/(...)products/[id]             1.04 kB        88.2 kB
├ ○ /life                                164 B          87.3 kB
├ ○ /live                                164 B          87.3 kB
├ ○ /login                               2.24 kB        98.1 kB
├ ƒ /products/[id]                       186 B           101 kB
├ ƒ /profile                             164 B          87.3 kB
└ ○ /sms                                 1.12 kB        88.2 kB
+ First Load JS shared by all            87.1 kB
  ├ chunks/117-774f56871758b88a.js       31.6 kB
  ├ chunks/fd9d1056-0807e69ea9c303ac.js  53.6 kB
  └ other shared chunks (total)          1.89 kB


ƒ Middleware                             33.7 kB

○  (Static)   prerendered as static content
ƒ  (Dynamic)  server-rendered on demand

